<?xml version="1.0" encoding="UTF-8"?>
<!-- Generated by org.testng.reporters.JUnitReportReporter -->
<testsuite skipped="0" hostname="W00000PC149FMY" name="devon.TestCase" tests="1" failures="0" timestamp="13 Jun 2021 20:39:24 GMT" time="10.367" errors="0">
  <testcase name="SearchDevice" time="10.367" classname="devon.TestCase"/>
</testsuite> <!-- devon.TestCase -->
